<?xml version="1.0" encoding="UTF-8"?>
<!-- Generated by org.testng.reporters.JUnitReportReporter -->
<testsuite hostname="C02NK0ZQG3QT.local" name="LabelCraft.archlabelcraft.jbehave.AcceptanceTestSuite" tests="2" failures="0" timestamp="26 Aug 2015 19:35:19 GMT" time="34.609" errors="0">
  <testcase name="run" time="16.739" classname="LabelCraft.archlabelcraft.jbehave.AcceptanceTestSuite"/>
  <testcase name="run" time="17.870" classname="LabelCraft.archlabelcraft.jbehave.AcceptanceTestSuite"/>
</testsuite> <!-- LabelCraft.archlabelcraft.jbehave.AcceptanceTestSuite -->
