<?xml version="1.0" encoding="UTF-8"?>
<!-- Generated by org.testng.reporters.JUnitXMLReporter -->
<testsuite hostname="C02NK0ZQG3QT.local" name="test 3" tests="1" failures="0" timestamp="21 Aug 2015 15:17:32 GMT" time="0.002" errors="0">
  <testcase name="@BeforeSuite beforeTest" time="0.0" classname="Hoteling.archHotel.jbehave.AcceptanceTestSuite">
    <failure type="org.testng.TestNGException" message="
Parameter &amp;apos;browser&amp;apos; is required by @Configuration on method beforeTest but has not been marked @Optional or defined
in /Users/venkatamanojmandava/Documents/workspace/webdriver/hoteling-archetype/archHotel/testng.xml">
      <![CDATA[org.testng.TestNGException: 
Parameter 'browser' is required by @Configuration on method beforeTest but has not been marked @Optional or defined
in /Users/venkatamanojmandava/Documents/workspace/webdriver/hoteling-archetype/archHotel/testng.xml
... Removed 15 stack frames]]>
    </failure>
  </testcase> <!-- @BeforeSuite beforeTest -->
  <testcase name="run" time="0.0" classname="Hoteling.archHotel.jbehave.AcceptanceTestSuite">
    <skipped/>
  </testcase> <!-- run -->
</testsuite> <!-- test 3 -->
